c:\users\anuj7\onedrive\desktop\projects\xipper\source files\xipper\x64\release\vc143.pdb
c:\users\anuj7\onedrive\desktop\projects\xipper\source files\xipper\x64\release\.netframework,version=v4.7.2.assemblyattributes.obj
c:\users\anuj7\onedrive\desktop\projects\xipper\source files\xipper\x64\release\myform.obj
c:\users\anuj7\onedrive\desktop\projects\xipper\source files\xipper\x64\release\xipper.exe
c:\users\anuj7\onedrive\desktop\projects\xipper\source files\xipper\x64\release\project55.vcxproj.assemblyreference.cache
c:\users\anuj7\onedrive\desktop\projects\xipper\source files\xipper\x64\release\project55.vcxproj.generateresource.cache
c:\users\anuj7\onedrive\desktop\projects\xipper\source files\xipper\x64\release\project55.vcxproj.suggestedbindingredirects.cache
c:\users\anuj7\onedrive\desktop\projects\xipper\source files\xipper\x64\release\project55.myform.resources
c:\users\anuj7\onedrive\desktop\projects\xipper\source files\xipper\x64\release\xipper.pdb
c:\users\anuj7\onedrive\desktop\projects\xipper\source files\xipper\x64\release\xipper.tlog\cl.command.1.tlog
c:\users\anuj7\onedrive\desktop\projects\xipper\source files\xipper\x64\release\xipper.tlog\cl.read.1.tlog
c:\users\anuj7\onedrive\desktop\projects\xipper\source files\xipper\x64\release\xipper.tlog\cl.write.1.tlog
c:\users\anuj7\onedrive\desktop\projects\xipper\source files\xipper\x64\release\xipper.tlog\link.33796-cvtres.read.1.tlog
c:\users\anuj7\onedrive\desktop\projects\xipper\source files\xipper\x64\release\xipper.tlog\link.33796-rc.read.1.tlog
c:\users\anuj7\onedrive\desktop\projects\xipper\source files\xipper\x64\release\xipper.tlog\link.33796.read.1.tlog
c:\users\anuj7\onedrive\desktop\projects\xipper\source files\xipper\x64\release\xipper.tlog\link.33796.read.2.tlog
c:\users\anuj7\onedrive\desktop\projects\xipper\source files\xipper\x64\release\xipper.tlog\link.command.1.tlog
c:\users\anuj7\onedrive\desktop\projects\xipper\source files\xipper\x64\release\xipper.tlog\link.read.1.tlog
c:\users\anuj7\onedrive\desktop\projects\xipper\source files\xipper\x64\release\xipper.tlog\link.read.2.tlog
c:\users\anuj7\onedrive\desktop\projects\xipper\source files\xipper\x64\release\xipper.tlog\link.write.1.tlog
c:\users\anuj7\onedrive\desktop\projects\xipper\source files\xipper\x64\release\xipper.tlog\metagen.read.1.tlog
c:\users\anuj7\onedrive\desktop\projects\xipper\source files\xipper\x64\release\xipper.tlog\metagen.write.1.tlog
c:\users\anuj7\onedrive\desktop\projects\xipper\source files\xipper\x64\release\xipper.tlog\resgen.command.1.tlog
c:\users\anuj7\onedrive\desktop\projects\xipper\source files\xipper\x64\release\xipper.tlog\resgen.read.1.tlog
c:\users\anuj7\onedrive\desktop\projects\xipper\source files\xipper\x64\release\xipper.tlog\resgen.write.1.tlog
