  MyForm.cpp
C:\Users\anuj7\Desktop\Projects\.NET\Xipper_HuffmanvsShannon\Shanno.h(48,13): warning C4101: 'k': unreferenced local variable
  (compiling source file 'MyForm.cpp')
  
C:\Users\anuj7\Desktop\Projects\.NET\Xipper_HuffmanvsShannon\Shanno.h(53,7): warning C4101: 'pt': unreferenced local variable
  (compiling source file 'MyForm.cpp')
  
C:\Users\anuj7\Desktop\Projects\.NET\Xipper_HuffmanvsShannon\Shanno.h(198,14): warning C4267: 'initializing': conversion from 'size_t' to 'int', possible loss of data
  (compiling source file 'MyForm.cpp')
  
C:\Users\anuj7\Desktop\Projects\.NET\Xipper_HuffmanvsShannon\Shanno.h(201,17): warning C4244: '+=': conversion from 'double' to 'int', possible loss of data
  (compiling source file 'MyForm.cpp')
  
C:\Users\anuj7\Desktop\Projects\.NET\Xipper_HuffmanvsShannon\MyForm.h(833,20): warning C4244: 'initializing': conversion from '__int64' to 'float', possible loss of data
  (compiling source file 'MyForm.cpp')
  
C:\Users\anuj7\Desktop\Projects\.NET\Xipper_HuffmanvsShannon\MyForm.h(868,20): warning C4244: 'initializing': conversion from '__int64' to 'float', possible loss of data
  (compiling source file 'MyForm.cpp')
  
C:\Users\anuj7\Desktop\Projects\.NET\Xipper_HuffmanvsShannon\MyForm.h(937,19): warning C4244: 'initializing': conversion from '__int64' to 'float', possible loss of data
  (compiling source file 'MyForm.cpp')
  
C:\Users\anuj7\Desktop\Projects\.NET\Xipper_HuffmanvsShannon\MyForm.h(992,19): warning C4244: 'initializing': conversion from '__int64' to 'float', possible loss of data
  (compiling source file 'MyForm.cpp')
  
C:\Users\anuj7\Desktop\Projects\.NET\Xipper_HuffmanvsShannon\MyForm.h(1028,19): warning C4244: 'initializing': conversion from '__int64' to 'float', possible loss of data
  (compiling source file 'MyForm.cpp')
  
C:\Users\anuj7\Desktop\Projects\.NET\Xipper_HuffmanvsShannon\MyForm.cpp(9,1): warning C4829: Possibly incorrect parameters to function main. Consider 'int main(Platform::Array<Platform::String^>^ argv)'
  MyForm.obj : MSIL module encountered; incremental linking is disabled for MSIL; performing full link
  Project55.vcxproj -> C:\Users\anuj7\Desktop\Projects\.NET\Xipper_HuffmanvsShannon\x64\Release\Xipper.exe
